ARM GAS  C:\Users\Masoud\AppData\Local\Temp\ccHvsb6Z.s 			page 1


   1              		.cpu cortex-m3
   2              		.arch armv7-m
   3              		.fpu softvfp
   4              		.eabi_attribute 20, 1
   5              		.eabi_attribute 21, 1
   6              		.eabi_attribute 23, 3
   7              		.eabi_attribute 24, 1
   8              		.eabi_attribute 25, 1
   9              		.eabi_attribute 26, 1
  10              		.eabi_attribute 30, 1
  11              		.eabi_attribute 34, 1
  12              		.eabi_attribute 18, 4
  13              		.file	"main.c"
  14              		.text
  15              	.Ltext0:
  16              		.cfi_sections	.debug_frame
  17              		.section	.text.MX_GPIO_Init,"ax",%progbits
  18              		.align	1
  19              		.syntax unified
  20              		.thumb
  21              		.thumb_func
  23              	MX_GPIO_Init:
  24              	.LFB67:
  25              		.file 1 "Core/Src/main.c"
   1:Core/Src/main.c **** /* USER CODE BEGIN Header */
   2:Core/Src/main.c **** /**
   3:Core/Src/main.c ****   ******************************************************************************
   4:Core/Src/main.c ****   * @file           : main.c
   5:Core/Src/main.c ****   * @brief          : Main program body
   6:Core/Src/main.c ****   ******************************************************************************
   7:Core/Src/main.c ****   * @attention
   8:Core/Src/main.c ****   *
   9:Core/Src/main.c ****   * Copyright (c) 2022 STMicroelectronics.
  10:Core/Src/main.c ****   * All rights reserved.
  11:Core/Src/main.c ****   *
  12:Core/Src/main.c ****   * This software is licensed under terms that can be found in the LICENSE file
  13:Core/Src/main.c ****   * in the root directory of this software component.
  14:Core/Src/main.c ****   * If no LICENSE file comes with this software, it is provided AS-IS.
  15:Core/Src/main.c ****   *
  16:Core/Src/main.c ****   ******************************************************************************
  17:Core/Src/main.c ****   */
  18:Core/Src/main.c **** /* USER CODE END Header */
  19:Core/Src/main.c **** /* Includes ------------------------------------------------------------------*/
  20:Core/Src/main.c **** #include "main.h"
  21:Core/Src/main.c **** 
  22:Core/Src/main.c **** /* Private includes ----------------------------------------------------------*/
  23:Core/Src/main.c **** /* USER CODE BEGIN Includes */
  24:Core/Src/main.c **** 
  25:Core/Src/main.c **** /* USER CODE END Includes */
  26:Core/Src/main.c **** 
  27:Core/Src/main.c **** /* Private typedef -----------------------------------------------------------*/
  28:Core/Src/main.c **** /* USER CODE BEGIN PTD */
  29:Core/Src/main.c **** 
  30:Core/Src/main.c **** /* USER CODE END PTD */
  31:Core/Src/main.c **** 
  32:Core/Src/main.c **** /* Private define ------------------------------------------------------------*/
  33:Core/Src/main.c **** /* USER CODE BEGIN PD */
ARM GAS  C:\Users\Masoud\AppData\Local\Temp\ccHvsb6Z.s 			page 2


  34:Core/Src/main.c **** /* USER CODE END PD */
  35:Core/Src/main.c **** 
  36:Core/Src/main.c **** /* Private macro -------------------------------------------------------------*/
  37:Core/Src/main.c **** /* USER CODE BEGIN PM */
  38:Core/Src/main.c **** 
  39:Core/Src/main.c **** /* USER CODE END PM */
  40:Core/Src/main.c **** 
  41:Core/Src/main.c **** /* Private variables ---------------------------------------------------------*/
  42:Core/Src/main.c **** 
  43:Core/Src/main.c **** /* USER CODE BEGIN PV */
  44:Core/Src/main.c **** 
  45:Core/Src/main.c **** /* USER CODE END PV */
  46:Core/Src/main.c **** 
  47:Core/Src/main.c **** /* Private function prototypes -----------------------------------------------*/
  48:Core/Src/main.c **** void SystemClock_Config(void);
  49:Core/Src/main.c **** static void MX_GPIO_Init(void);
  50:Core/Src/main.c **** /* USER CODE BEGIN PFP */
  51:Core/Src/main.c **** 
  52:Core/Src/main.c **** /* USER CODE END PFP */
  53:Core/Src/main.c **** 
  54:Core/Src/main.c **** /* Private user code ---------------------------------------------------------*/
  55:Core/Src/main.c **** /* USER CODE BEGIN 0 */
  56:Core/Src/main.c **** 
  57:Core/Src/main.c **** /* USER CODE END 0 */
  58:Core/Src/main.c **** 
  59:Core/Src/main.c **** /**
  60:Core/Src/main.c ****   * @brief  The application entry point.
  61:Core/Src/main.c ****   * @retval int
  62:Core/Src/main.c ****   */
  63:Core/Src/main.c **** int main(void)
  64:Core/Src/main.c **** {
  65:Core/Src/main.c ****   /* USER CODE BEGIN 1 */
  66:Core/Src/main.c **** 
  67:Core/Src/main.c ****   /* USER CODE END 1 */
  68:Core/Src/main.c **** 
  69:Core/Src/main.c ****   /* MCU Configuration--------------------------------------------------------*/
  70:Core/Src/main.c **** 
  71:Core/Src/main.c ****   /* Reset of all peripherals, Initializes the Flash interface and the Systick. */
  72:Core/Src/main.c ****   HAL_Init();
  73:Core/Src/main.c **** 
  74:Core/Src/main.c ****   /* USER CODE BEGIN Init */
  75:Core/Src/main.c **** 
  76:Core/Src/main.c ****   /* USER CODE END Init */
  77:Core/Src/main.c **** 
  78:Core/Src/main.c ****   /* Configure the system clock */
  79:Core/Src/main.c ****   SystemClock_Config();
  80:Core/Src/main.c **** 
  81:Core/Src/main.c ****   /* USER CODE BEGIN SysInit */
  82:Core/Src/main.c **** 
  83:Core/Src/main.c ****   /* USER CODE END SysInit */
  84:Core/Src/main.c **** 
  85:Core/Src/main.c ****   /* Initialize all configured peripherals */
  86:Core/Src/main.c ****   MX_GPIO_Init();
  87:Core/Src/main.c ****   /* USER CODE BEGIN 2 */
  88:Core/Src/main.c **** 
  89:Core/Src/main.c ****   /* USER CODE END 2 */
  90:Core/Src/main.c **** 
ARM GAS  C:\Users\Masoud\AppData\Local\Temp\ccHvsb6Z.s 			page 3


  91:Core/Src/main.c ****   /* Infinite loop */
  92:Core/Src/main.c ****   /* USER CODE BEGIN WHILE */
  93:Core/Src/main.c ****   while (1)
  94:Core/Src/main.c ****   {
  95:Core/Src/main.c **** 	  HAL_GPIO_TogglePin(LEDG_GPIO_Port, LEDG_Pin);
  96:Core/Src/main.c **** 	  HAL_Delay(500);
  97:Core/Src/main.c ****     /* USER CODE END WHILE */
  98:Core/Src/main.c **** 
  99:Core/Src/main.c ****     /* USER CODE BEGIN 3 */
 100:Core/Src/main.c ****   }
 101:Core/Src/main.c ****   /* USER CODE END 3 */
 102:Core/Src/main.c **** }
 103:Core/Src/main.c **** 
 104:Core/Src/main.c **** /**
 105:Core/Src/main.c ****   * @brief System Clock Configuration
 106:Core/Src/main.c ****   * @retval None
 107:Core/Src/main.c ****   */
 108:Core/Src/main.c **** void SystemClock_Config(void)
 109:Core/Src/main.c **** {
 110:Core/Src/main.c ****   RCC_OscInitTypeDef RCC_OscInitStruct = {0};
 111:Core/Src/main.c ****   RCC_ClkInitTypeDef RCC_ClkInitStruct = {0};
 112:Core/Src/main.c **** 
 113:Core/Src/main.c ****   /** Initializes the RCC Oscillators according to the specified parameters
 114:Core/Src/main.c ****   * in the RCC_OscInitTypeDef structure.
 115:Core/Src/main.c ****   */
 116:Core/Src/main.c ****   RCC_OscInitStruct.OscillatorType = RCC_OSCILLATORTYPE_HSE;
 117:Core/Src/main.c ****   RCC_OscInitStruct.HSEState = RCC_HSE_ON;
 118:Core/Src/main.c ****   RCC_OscInitStruct.HSEPredivValue = RCC_HSE_PREDIV_DIV1;
 119:Core/Src/main.c ****   RCC_OscInitStruct.HSIState = RCC_HSI_ON;
 120:Core/Src/main.c ****   RCC_OscInitStruct.PLL.PLLState = RCC_PLL_ON;
 121:Core/Src/main.c ****   RCC_OscInitStruct.PLL.PLLSource = RCC_PLLSOURCE_HSE;
 122:Core/Src/main.c ****   RCC_OscInitStruct.PLL.PLLMUL = RCC_PLL_MUL9;
 123:Core/Src/main.c ****   if (HAL_RCC_OscConfig(&RCC_OscInitStruct) != HAL_OK)
 124:Core/Src/main.c ****   {
 125:Core/Src/main.c ****     Error_Handler();
 126:Core/Src/main.c ****   }
 127:Core/Src/main.c **** 
 128:Core/Src/main.c ****   /** Initializes the CPU, AHB and APB buses clocks
 129:Core/Src/main.c ****   */
 130:Core/Src/main.c ****   RCC_ClkInitStruct.ClockType = RCC_CLOCKTYPE_HCLK|RCC_CLOCKTYPE_SYSCLK
 131:Core/Src/main.c ****                               |RCC_CLOCKTYPE_PCLK1|RCC_CLOCKTYPE_PCLK2;
 132:Core/Src/main.c ****   RCC_ClkInitStruct.SYSCLKSource = RCC_SYSCLKSOURCE_PLLCLK;
 133:Core/Src/main.c ****   RCC_ClkInitStruct.AHBCLKDivider = RCC_SYSCLK_DIV1;
 134:Core/Src/main.c ****   RCC_ClkInitStruct.APB1CLKDivider = RCC_HCLK_DIV2;
 135:Core/Src/main.c ****   RCC_ClkInitStruct.APB2CLKDivider = RCC_HCLK_DIV1;
 136:Core/Src/main.c **** 
 137:Core/Src/main.c ****   if (HAL_RCC_ClockConfig(&RCC_ClkInitStruct, FLASH_LATENCY_2) != HAL_OK)
 138:Core/Src/main.c ****   {
 139:Core/Src/main.c ****     Error_Handler();
 140:Core/Src/main.c ****   }
 141:Core/Src/main.c **** }
 142:Core/Src/main.c **** 
 143:Core/Src/main.c **** /**
 144:Core/Src/main.c ****   * @brief GPIO Initialization Function
 145:Core/Src/main.c ****   * @param None
 146:Core/Src/main.c ****   * @retval None
 147:Core/Src/main.c ****   */
ARM GAS  C:\Users\Masoud\AppData\Local\Temp\ccHvsb6Z.s 			page 4


 148:Core/Src/main.c **** static void MX_GPIO_Init(void)
 149:Core/Src/main.c **** {
  26              		.loc 1 149 1 view -0
  27              		.cfi_startproc
  28              		@ args = 0, pretend = 0, frame = 32
  29              		@ frame_needed = 0, uses_anonymous_args = 0
  30 0000 30B5     		push	{r4, r5, lr}
  31              	.LCFI0:
  32              		.cfi_def_cfa_offset 12
  33              		.cfi_offset 4, -12
  34              		.cfi_offset 5, -8
  35              		.cfi_offset 14, -4
  36 0002 89B0     		sub	sp, sp, #36
  37              	.LCFI1:
  38              		.cfi_def_cfa_offset 48
 150:Core/Src/main.c ****   GPIO_InitTypeDef GPIO_InitStruct = {0};
  39              		.loc 1 150 3 view .LVU1
  40              		.loc 1 150 20 is_stmt 0 view .LVU2
  41 0004 0024     		movs	r4, #0
  42 0006 0494     		str	r4, [sp, #16]
  43 0008 0594     		str	r4, [sp, #20]
  44 000a 0694     		str	r4, [sp, #24]
  45 000c 0794     		str	r4, [sp, #28]
 151:Core/Src/main.c **** 
 152:Core/Src/main.c ****   /* GPIO Ports Clock Enable */
 153:Core/Src/main.c ****   __HAL_RCC_GPIOD_CLK_ENABLE();
  46              		.loc 1 153 3 is_stmt 1 view .LVU3
  47              	.LBB4:
  48              		.loc 1 153 3 view .LVU4
  49              		.loc 1 153 3 view .LVU5
  50 000e 174B     		ldr	r3, .L3
  51 0010 9A69     		ldr	r2, [r3, #24]
  52 0012 42F02002 		orr	r2, r2, #32
  53 0016 9A61     		str	r2, [r3, #24]
  54              		.loc 1 153 3 view .LVU6
  55 0018 9A69     		ldr	r2, [r3, #24]
  56 001a 02F02002 		and	r2, r2, #32
  57 001e 0192     		str	r2, [sp, #4]
  58              		.loc 1 153 3 view .LVU7
  59 0020 019A     		ldr	r2, [sp, #4]
  60              	.LBE4:
  61              		.loc 1 153 3 view .LVU8
 154:Core/Src/main.c ****   __HAL_RCC_GPIOB_CLK_ENABLE();
  62              		.loc 1 154 3 view .LVU9
  63              	.LBB5:
  64              		.loc 1 154 3 view .LVU10
  65              		.loc 1 154 3 view .LVU11
  66 0022 9A69     		ldr	r2, [r3, #24]
  67 0024 42F00802 		orr	r2, r2, #8
  68 0028 9A61     		str	r2, [r3, #24]
  69              		.loc 1 154 3 view .LVU12
  70 002a 9A69     		ldr	r2, [r3, #24]
  71 002c 02F00802 		and	r2, r2, #8
  72 0030 0292     		str	r2, [sp, #8]
  73              		.loc 1 154 3 view .LVU13
  74 0032 029A     		ldr	r2, [sp, #8]
  75              	.LBE5:
ARM GAS  C:\Users\Masoud\AppData\Local\Temp\ccHvsb6Z.s 			page 5


  76              		.loc 1 154 3 view .LVU14
 155:Core/Src/main.c ****   __HAL_RCC_GPIOA_CLK_ENABLE();
  77              		.loc 1 155 3 view .LVU15
  78              	.LBB6:
  79              		.loc 1 155 3 view .LVU16
  80              		.loc 1 155 3 view .LVU17
  81 0034 9A69     		ldr	r2, [r3, #24]
  82 0036 42F00402 		orr	r2, r2, #4
  83 003a 9A61     		str	r2, [r3, #24]
  84              		.loc 1 155 3 view .LVU18
  85 003c 9B69     		ldr	r3, [r3, #24]
  86 003e 03F00403 		and	r3, r3, #4
  87 0042 0393     		str	r3, [sp, #12]
  88              		.loc 1 155 3 view .LVU19
  89 0044 039B     		ldr	r3, [sp, #12]
  90              	.LBE6:
  91              		.loc 1 155 3 view .LVU20
 156:Core/Src/main.c **** 
 157:Core/Src/main.c ****   /*Configure GPIO pin Output Level */
 158:Core/Src/main.c ****   HAL_GPIO_WritePin(GPIOB, GPIO_PIN_0, GPIO_PIN_RESET);
  92              		.loc 1 158 3 view .LVU21
  93 0046 0A4D     		ldr	r5, .L3+4
  94 0048 2246     		mov	r2, r4
  95 004a 0121     		movs	r1, #1
  96 004c 2846     		mov	r0, r5
  97 004e FFF7FEFF 		bl	HAL_GPIO_WritePin
  98              	.LVL0:
 159:Core/Src/main.c **** 
 160:Core/Src/main.c ****   /*Configure GPIO pin : PB0 */
 161:Core/Src/main.c ****   GPIO_InitStruct.Pin = GPIO_PIN_0;
  99              		.loc 1 161 3 view .LVU22
 100              		.loc 1 161 23 is_stmt 0 view .LVU23
 101 0052 0123     		movs	r3, #1
 102 0054 0493     		str	r3, [sp, #16]
 162:Core/Src/main.c ****   GPIO_InitStruct.Mode = GPIO_MODE_OUTPUT_PP;
 103              		.loc 1 162 3 is_stmt 1 view .LVU24
 104              		.loc 1 162 24 is_stmt 0 view .LVU25
 105 0056 0593     		str	r3, [sp, #20]
 163:Core/Src/main.c ****   GPIO_InitStruct.Pull = GPIO_NOPULL;
 106              		.loc 1 163 3 is_stmt 1 view .LVU26
 107              		.loc 1 163 24 is_stmt 0 view .LVU27
 108 0058 0694     		str	r4, [sp, #24]
 164:Core/Src/main.c ****   GPIO_InitStruct.Speed = GPIO_SPEED_FREQ_LOW;
 109              		.loc 1 164 3 is_stmt 1 view .LVU28
 110              		.loc 1 164 25 is_stmt 0 view .LVU29
 111 005a 0223     		movs	r3, #2
 112 005c 0793     		str	r3, [sp, #28]
 165:Core/Src/main.c ****   HAL_GPIO_Init(GPIOB, &GPIO_InitStruct);
 113              		.loc 1 165 3 is_stmt 1 view .LVU30
 114 005e 04A9     		add	r1, sp, #16
 115 0060 2846     		mov	r0, r5
 116 0062 FFF7FEFF 		bl	HAL_GPIO_Init
 117              	.LVL1:
 166:Core/Src/main.c **** 
 167:Core/Src/main.c **** }
 118              		.loc 1 167 1 is_stmt 0 view .LVU31
 119 0066 09B0     		add	sp, sp, #36
ARM GAS  C:\Users\Masoud\AppData\Local\Temp\ccHvsb6Z.s 			page 6


 120              	.LCFI2:
 121              		.cfi_def_cfa_offset 12
 122              		@ sp needed
 123 0068 30BD     		pop	{r4, r5, pc}
 124              	.L4:
 125 006a 00BF     		.align	2
 126              	.L3:
 127 006c 00100240 		.word	1073876992
 128 0070 000C0140 		.word	1073810432
 129              		.cfi_endproc
 130              	.LFE67:
 132              		.section	.text.Error_Handler,"ax",%progbits
 133              		.align	1
 134              		.global	Error_Handler
 135              		.syntax unified
 136              		.thumb
 137              		.thumb_func
 139              	Error_Handler:
 140              	.LFB68:
 168:Core/Src/main.c **** 
 169:Core/Src/main.c **** /* USER CODE BEGIN 4 */
 170:Core/Src/main.c **** 
 171:Core/Src/main.c **** /* USER CODE END 4 */
 172:Core/Src/main.c **** 
 173:Core/Src/main.c **** /**
 174:Core/Src/main.c ****   * @brief  This function is executed in case of error occurrence.
 175:Core/Src/main.c ****   * @retval None
 176:Core/Src/main.c ****   */
 177:Core/Src/main.c **** void Error_Handler(void)
 178:Core/Src/main.c **** {
 141              		.loc 1 178 1 is_stmt 1 view -0
 142              		.cfi_startproc
 143              		@ Volatile: function does not return.
 144              		@ args = 0, pretend = 0, frame = 0
 145              		@ frame_needed = 0, uses_anonymous_args = 0
 146              		@ link register save eliminated.
 179:Core/Src/main.c ****   /* USER CODE BEGIN Error_Handler_Debug */
 180:Core/Src/main.c ****   /* User can add his own implementation to report the HAL error return state */
 181:Core/Src/main.c ****   __disable_irq();
 147              		.loc 1 181 3 view .LVU33
 148              	.LBB7:
 149              	.LBI7:
 150              		.file 2 "Drivers/CMSIS/Include/cmsis_gcc.h"
   1:Drivers/CMSIS/Include/cmsis_gcc.h **** /**************************************************************************//**
   2:Drivers/CMSIS/Include/cmsis_gcc.h ****  * @file     cmsis_gcc.h
   3:Drivers/CMSIS/Include/cmsis_gcc.h ****  * @brief    CMSIS compiler GCC header file
   4:Drivers/CMSIS/Include/cmsis_gcc.h ****  * @version  V5.0.4
   5:Drivers/CMSIS/Include/cmsis_gcc.h ****  * @date     09. April 2018
   6:Drivers/CMSIS/Include/cmsis_gcc.h ****  ******************************************************************************/
   7:Drivers/CMSIS/Include/cmsis_gcc.h **** /*
   8:Drivers/CMSIS/Include/cmsis_gcc.h ****  * Copyright (c) 2009-2018 Arm Limited. All rights reserved.
   9:Drivers/CMSIS/Include/cmsis_gcc.h ****  *
  10:Drivers/CMSIS/Include/cmsis_gcc.h ****  * SPDX-License-Identifier: Apache-2.0
  11:Drivers/CMSIS/Include/cmsis_gcc.h ****  *
  12:Drivers/CMSIS/Include/cmsis_gcc.h ****  * Licensed under the Apache License, Version 2.0 (the License); you may
  13:Drivers/CMSIS/Include/cmsis_gcc.h ****  * not use this file except in compliance with the License.
  14:Drivers/CMSIS/Include/cmsis_gcc.h ****  * You may obtain a copy of the License at
ARM GAS  C:\Users\Masoud\AppData\Local\Temp\ccHvsb6Z.s 			page 7


  15:Drivers/CMSIS/Include/cmsis_gcc.h ****  *
  16:Drivers/CMSIS/Include/cmsis_gcc.h ****  * www.apache.org/licenses/LICENSE-2.0
  17:Drivers/CMSIS/Include/cmsis_gcc.h ****  *
  18:Drivers/CMSIS/Include/cmsis_gcc.h ****  * Unless required by applicable law or agreed to in writing, software
  19:Drivers/CMSIS/Include/cmsis_gcc.h ****  * distributed under the License is distributed on an AS IS BASIS, WITHOUT
  20:Drivers/CMSIS/Include/cmsis_gcc.h ****  * WARRANTIES OR CONDITIONS OF ANY KIND, either express or implied.
  21:Drivers/CMSIS/Include/cmsis_gcc.h ****  * See the License for the specific language governing permissions and
  22:Drivers/CMSIS/Include/cmsis_gcc.h ****  * limitations under the License.
  23:Drivers/CMSIS/Include/cmsis_gcc.h ****  */
  24:Drivers/CMSIS/Include/cmsis_gcc.h **** 
  25:Drivers/CMSIS/Include/cmsis_gcc.h **** #ifndef __CMSIS_GCC_H
  26:Drivers/CMSIS/Include/cmsis_gcc.h **** #define __CMSIS_GCC_H
  27:Drivers/CMSIS/Include/cmsis_gcc.h **** 
  28:Drivers/CMSIS/Include/cmsis_gcc.h **** /* ignore some GCC warnings */
  29:Drivers/CMSIS/Include/cmsis_gcc.h **** #pragma GCC diagnostic push
  30:Drivers/CMSIS/Include/cmsis_gcc.h **** #pragma GCC diagnostic ignored "-Wsign-conversion"
  31:Drivers/CMSIS/Include/cmsis_gcc.h **** #pragma GCC diagnostic ignored "-Wconversion"
  32:Drivers/CMSIS/Include/cmsis_gcc.h **** #pragma GCC diagnostic ignored "-Wunused-parameter"
  33:Drivers/CMSIS/Include/cmsis_gcc.h **** 
  34:Drivers/CMSIS/Include/cmsis_gcc.h **** /* Fallback for __has_builtin */
  35:Drivers/CMSIS/Include/cmsis_gcc.h **** #ifndef __has_builtin
  36:Drivers/CMSIS/Include/cmsis_gcc.h ****   #define __has_builtin(x) (0)
  37:Drivers/CMSIS/Include/cmsis_gcc.h **** #endif
  38:Drivers/CMSIS/Include/cmsis_gcc.h **** 
  39:Drivers/CMSIS/Include/cmsis_gcc.h **** /* CMSIS compiler specific defines */
  40:Drivers/CMSIS/Include/cmsis_gcc.h **** #ifndef   __ASM
  41:Drivers/CMSIS/Include/cmsis_gcc.h ****   #define __ASM                                  __asm
  42:Drivers/CMSIS/Include/cmsis_gcc.h **** #endif
  43:Drivers/CMSIS/Include/cmsis_gcc.h **** #ifndef   __INLINE
  44:Drivers/CMSIS/Include/cmsis_gcc.h ****   #define __INLINE                               inline
  45:Drivers/CMSIS/Include/cmsis_gcc.h **** #endif
  46:Drivers/CMSIS/Include/cmsis_gcc.h **** #ifndef   __STATIC_INLINE
  47:Drivers/CMSIS/Include/cmsis_gcc.h ****   #define __STATIC_INLINE                        static inline
  48:Drivers/CMSIS/Include/cmsis_gcc.h **** #endif
  49:Drivers/CMSIS/Include/cmsis_gcc.h **** #ifndef   __STATIC_FORCEINLINE                 
  50:Drivers/CMSIS/Include/cmsis_gcc.h ****   #define __STATIC_FORCEINLINE                   __attribute__((always_inline)) static inline
  51:Drivers/CMSIS/Include/cmsis_gcc.h **** #endif                                           
  52:Drivers/CMSIS/Include/cmsis_gcc.h **** #ifndef   __NO_RETURN
  53:Drivers/CMSIS/Include/cmsis_gcc.h ****   #define __NO_RETURN                            __attribute__((__noreturn__))
  54:Drivers/CMSIS/Include/cmsis_gcc.h **** #endif
  55:Drivers/CMSIS/Include/cmsis_gcc.h **** #ifndef   __USED
  56:Drivers/CMSIS/Include/cmsis_gcc.h ****   #define __USED                                 __attribute__((used))
  57:Drivers/CMSIS/Include/cmsis_gcc.h **** #endif
  58:Drivers/CMSIS/Include/cmsis_gcc.h **** #ifndef   __WEAK
  59:Drivers/CMSIS/Include/cmsis_gcc.h ****   #define __WEAK                                 __attribute__((weak))
  60:Drivers/CMSIS/Include/cmsis_gcc.h **** #endif
  61:Drivers/CMSIS/Include/cmsis_gcc.h **** #ifndef   __PACKED
  62:Drivers/CMSIS/Include/cmsis_gcc.h ****   #define __PACKED                               __attribute__((packed, aligned(1)))
  63:Drivers/CMSIS/Include/cmsis_gcc.h **** #endif
  64:Drivers/CMSIS/Include/cmsis_gcc.h **** #ifndef   __PACKED_STRUCT
  65:Drivers/CMSIS/Include/cmsis_gcc.h ****   #define __PACKED_STRUCT                        struct __attribute__((packed, aligned(1)))
  66:Drivers/CMSIS/Include/cmsis_gcc.h **** #endif
  67:Drivers/CMSIS/Include/cmsis_gcc.h **** #ifndef   __PACKED_UNION
  68:Drivers/CMSIS/Include/cmsis_gcc.h ****   #define __PACKED_UNION                         union __attribute__((packed, aligned(1)))
  69:Drivers/CMSIS/Include/cmsis_gcc.h **** #endif
  70:Drivers/CMSIS/Include/cmsis_gcc.h **** #ifndef   __UNALIGNED_UINT32        /* deprecated */
  71:Drivers/CMSIS/Include/cmsis_gcc.h ****   #pragma GCC diagnostic push
ARM GAS  C:\Users\Masoud\AppData\Local\Temp\ccHvsb6Z.s 			page 8


  72:Drivers/CMSIS/Include/cmsis_gcc.h ****   #pragma GCC diagnostic ignored "-Wpacked"
  73:Drivers/CMSIS/Include/cmsis_gcc.h ****   #pragma GCC diagnostic ignored "-Wattributes"
  74:Drivers/CMSIS/Include/cmsis_gcc.h ****   struct __attribute__((packed)) T_UINT32 { uint32_t v; };
  75:Drivers/CMSIS/Include/cmsis_gcc.h ****   #pragma GCC diagnostic pop
  76:Drivers/CMSIS/Include/cmsis_gcc.h ****   #define __UNALIGNED_UINT32(x)                  (((struct T_UINT32 *)(x))->v)
  77:Drivers/CMSIS/Include/cmsis_gcc.h **** #endif
  78:Drivers/CMSIS/Include/cmsis_gcc.h **** #ifndef   __UNALIGNED_UINT16_WRITE
  79:Drivers/CMSIS/Include/cmsis_gcc.h ****   #pragma GCC diagnostic push
  80:Drivers/CMSIS/Include/cmsis_gcc.h ****   #pragma GCC diagnostic ignored "-Wpacked"
  81:Drivers/CMSIS/Include/cmsis_gcc.h ****   #pragma GCC diagnostic ignored "-Wattributes"
  82:Drivers/CMSIS/Include/cmsis_gcc.h ****   __PACKED_STRUCT T_UINT16_WRITE { uint16_t v; };
  83:Drivers/CMSIS/Include/cmsis_gcc.h ****   #pragma GCC diagnostic pop
  84:Drivers/CMSIS/Include/cmsis_gcc.h ****   #define __UNALIGNED_UINT16_WRITE(addr, val)    (void)((((struct T_UINT16_WRITE *)(void *)(addr))-
  85:Drivers/CMSIS/Include/cmsis_gcc.h **** #endif
  86:Drivers/CMSIS/Include/cmsis_gcc.h **** #ifndef   __UNALIGNED_UINT16_READ
  87:Drivers/CMSIS/Include/cmsis_gcc.h ****   #pragma GCC diagnostic push
  88:Drivers/CMSIS/Include/cmsis_gcc.h ****   #pragma GCC diagnostic ignored "-Wpacked"
  89:Drivers/CMSIS/Include/cmsis_gcc.h ****   #pragma GCC diagnostic ignored "-Wattributes"
  90:Drivers/CMSIS/Include/cmsis_gcc.h ****   __PACKED_STRUCT T_UINT16_READ { uint16_t v; };
  91:Drivers/CMSIS/Include/cmsis_gcc.h ****   #pragma GCC diagnostic pop
  92:Drivers/CMSIS/Include/cmsis_gcc.h ****   #define __UNALIGNED_UINT16_READ(addr)          (((const struct T_UINT16_READ *)(const void *)(add
  93:Drivers/CMSIS/Include/cmsis_gcc.h **** #endif
  94:Drivers/CMSIS/Include/cmsis_gcc.h **** #ifndef   __UNALIGNED_UINT32_WRITE
  95:Drivers/CMSIS/Include/cmsis_gcc.h ****   #pragma GCC diagnostic push
  96:Drivers/CMSIS/Include/cmsis_gcc.h ****   #pragma GCC diagnostic ignored "-Wpacked"
  97:Drivers/CMSIS/Include/cmsis_gcc.h ****   #pragma GCC diagnostic ignored "-Wattributes"
  98:Drivers/CMSIS/Include/cmsis_gcc.h ****   __PACKED_STRUCT T_UINT32_WRITE { uint32_t v; };
  99:Drivers/CMSIS/Include/cmsis_gcc.h ****   #pragma GCC diagnostic pop
 100:Drivers/CMSIS/Include/cmsis_gcc.h ****   #define __UNALIGNED_UINT32_WRITE(addr, val)    (void)((((struct T_UINT32_WRITE *)(void *)(addr))-
 101:Drivers/CMSIS/Include/cmsis_gcc.h **** #endif
 102:Drivers/CMSIS/Include/cmsis_gcc.h **** #ifndef   __UNALIGNED_UINT32_READ
 103:Drivers/CMSIS/Include/cmsis_gcc.h ****   #pragma GCC diagnostic push
 104:Drivers/CMSIS/Include/cmsis_gcc.h ****   #pragma GCC diagnostic ignored "-Wpacked"
 105:Drivers/CMSIS/Include/cmsis_gcc.h ****   #pragma GCC diagnostic ignored "-Wattributes"
 106:Drivers/CMSIS/Include/cmsis_gcc.h ****   __PACKED_STRUCT T_UINT32_READ { uint32_t v; };
 107:Drivers/CMSIS/Include/cmsis_gcc.h ****   #pragma GCC diagnostic pop
 108:Drivers/CMSIS/Include/cmsis_gcc.h ****   #define __UNALIGNED_UINT32_READ(addr)          (((const struct T_UINT32_READ *)(const void *)(add
 109:Drivers/CMSIS/Include/cmsis_gcc.h **** #endif
 110:Drivers/CMSIS/Include/cmsis_gcc.h **** #ifndef   __ALIGNED
 111:Drivers/CMSIS/Include/cmsis_gcc.h ****   #define __ALIGNED(x)                           __attribute__((aligned(x)))
 112:Drivers/CMSIS/Include/cmsis_gcc.h **** #endif
 113:Drivers/CMSIS/Include/cmsis_gcc.h **** #ifndef   __RESTRICT
 114:Drivers/CMSIS/Include/cmsis_gcc.h ****   #define __RESTRICT                             __restrict
 115:Drivers/CMSIS/Include/cmsis_gcc.h **** #endif
 116:Drivers/CMSIS/Include/cmsis_gcc.h **** 
 117:Drivers/CMSIS/Include/cmsis_gcc.h **** 
 118:Drivers/CMSIS/Include/cmsis_gcc.h **** /* ###########################  Core Function Access  ########################### */
 119:Drivers/CMSIS/Include/cmsis_gcc.h **** /** \ingroup  CMSIS_Core_FunctionInterface
 120:Drivers/CMSIS/Include/cmsis_gcc.h ****     \defgroup CMSIS_Core_RegAccFunctions CMSIS Core Register Access Functions
 121:Drivers/CMSIS/Include/cmsis_gcc.h ****   @{
 122:Drivers/CMSIS/Include/cmsis_gcc.h ****  */
 123:Drivers/CMSIS/Include/cmsis_gcc.h **** 
 124:Drivers/CMSIS/Include/cmsis_gcc.h **** /**
 125:Drivers/CMSIS/Include/cmsis_gcc.h ****   \brief   Enable IRQ Interrupts
 126:Drivers/CMSIS/Include/cmsis_gcc.h ****   \details Enables IRQ interrupts by clearing the I-bit in the CPSR.
 127:Drivers/CMSIS/Include/cmsis_gcc.h ****            Can only be executed in Privileged modes.
 128:Drivers/CMSIS/Include/cmsis_gcc.h ****  */
ARM GAS  C:\Users\Masoud\AppData\Local\Temp\ccHvsb6Z.s 			page 9


 129:Drivers/CMSIS/Include/cmsis_gcc.h **** __STATIC_FORCEINLINE void __enable_irq(void)
 130:Drivers/CMSIS/Include/cmsis_gcc.h **** {
 131:Drivers/CMSIS/Include/cmsis_gcc.h ****   __ASM volatile ("cpsie i" : : : "memory");
 132:Drivers/CMSIS/Include/cmsis_gcc.h **** }
 133:Drivers/CMSIS/Include/cmsis_gcc.h **** 
 134:Drivers/CMSIS/Include/cmsis_gcc.h **** 
 135:Drivers/CMSIS/Include/cmsis_gcc.h **** /**
 136:Drivers/CMSIS/Include/cmsis_gcc.h ****   \brief   Disable IRQ Interrupts
 137:Drivers/CMSIS/Include/cmsis_gcc.h ****   \details Disables IRQ interrupts by setting the I-bit in the CPSR.
 138:Drivers/CMSIS/Include/cmsis_gcc.h ****            Can only be executed in Privileged modes.
 139:Drivers/CMSIS/Include/cmsis_gcc.h ****  */
 140:Drivers/CMSIS/Include/cmsis_gcc.h **** __STATIC_FORCEINLINE void __disable_irq(void)
 151              		.loc 2 140 27 view .LVU34
 152              	.LBB8:
 141:Drivers/CMSIS/Include/cmsis_gcc.h **** {
 142:Drivers/CMSIS/Include/cmsis_gcc.h ****   __ASM volatile ("cpsid i" : : : "memory");
 153              		.loc 2 142 3 view .LVU35
 154              		.syntax unified
 155              	@ 142 "Drivers/CMSIS/Include/cmsis_gcc.h" 1
 156 0000 72B6     		cpsid i
 157              	@ 0 "" 2
 158              		.thumb
 159              		.syntax unified
 160              	.L6:
 161              	.LBE8:
 162              	.LBE7:
 182:Core/Src/main.c ****   while (1)
 163              		.loc 1 182 3 discriminator 1 view .LVU36
 183:Core/Src/main.c ****   {
 184:Core/Src/main.c ****   }
 164              		.loc 1 184 3 discriminator 1 view .LVU37
 182:Core/Src/main.c ****   while (1)
 165              		.loc 1 182 9 discriminator 1 view .LVU38
 166 0002 FEE7     		b	.L6
 167              		.cfi_endproc
 168              	.LFE68:
 170              		.section	.text.SystemClock_Config,"ax",%progbits
 171              		.align	1
 172              		.global	SystemClock_Config
 173              		.syntax unified
 174              		.thumb
 175              		.thumb_func
 177              	SystemClock_Config:
 178              	.LFB66:
 109:Core/Src/main.c ****   RCC_OscInitTypeDef RCC_OscInitStruct = {0};
 179              		.loc 1 109 1 view -0
 180              		.cfi_startproc
 181              		@ args = 0, pretend = 0, frame = 64
 182              		@ frame_needed = 0, uses_anonymous_args = 0
 183 0000 00B5     		push	{lr}
 184              	.LCFI3:
 185              		.cfi_def_cfa_offset 4
 186              		.cfi_offset 14, -4
 187 0002 91B0     		sub	sp, sp, #68
 188              	.LCFI4:
 189              		.cfi_def_cfa_offset 72
 110:Core/Src/main.c ****   RCC_ClkInitTypeDef RCC_ClkInitStruct = {0};
ARM GAS  C:\Users\Masoud\AppData\Local\Temp\ccHvsb6Z.s 			page 10


 190              		.loc 1 110 3 view .LVU40
 110:Core/Src/main.c ****   RCC_ClkInitTypeDef RCC_ClkInitStruct = {0};
 191              		.loc 1 110 22 is_stmt 0 view .LVU41
 192 0004 2822     		movs	r2, #40
 193 0006 0021     		movs	r1, #0
 194 0008 06A8     		add	r0, sp, #24
 195 000a FFF7FEFF 		bl	memset
 196              	.LVL2:
 111:Core/Src/main.c **** 
 197              		.loc 1 111 3 is_stmt 1 view .LVU42
 111:Core/Src/main.c **** 
 198              		.loc 1 111 22 is_stmt 0 view .LVU43
 199 000e 0023     		movs	r3, #0
 200 0010 0193     		str	r3, [sp, #4]
 201 0012 0293     		str	r3, [sp, #8]
 202 0014 0393     		str	r3, [sp, #12]
 203 0016 0493     		str	r3, [sp, #16]
 204 0018 0593     		str	r3, [sp, #20]
 116:Core/Src/main.c ****   RCC_OscInitStruct.HSEState = RCC_HSE_ON;
 205              		.loc 1 116 3 is_stmt 1 view .LVU44
 116:Core/Src/main.c ****   RCC_OscInitStruct.HSEState = RCC_HSE_ON;
 206              		.loc 1 116 36 is_stmt 0 view .LVU45
 207 001a 0122     		movs	r2, #1
 208 001c 0692     		str	r2, [sp, #24]
 117:Core/Src/main.c ****   RCC_OscInitStruct.HSEPredivValue = RCC_HSE_PREDIV_DIV1;
 209              		.loc 1 117 3 is_stmt 1 view .LVU46
 117:Core/Src/main.c ****   RCC_OscInitStruct.HSEPredivValue = RCC_HSE_PREDIV_DIV1;
 210              		.loc 1 117 30 is_stmt 0 view .LVU47
 211 001e 4FF48033 		mov	r3, #65536
 212 0022 0793     		str	r3, [sp, #28]
 118:Core/Src/main.c ****   RCC_OscInitStruct.HSIState = RCC_HSI_ON;
 213              		.loc 1 118 3 is_stmt 1 view .LVU48
 119:Core/Src/main.c ****   RCC_OscInitStruct.PLL.PLLState = RCC_PLL_ON;
 214              		.loc 1 119 3 view .LVU49
 119:Core/Src/main.c ****   RCC_OscInitStruct.PLL.PLLState = RCC_PLL_ON;
 215              		.loc 1 119 30 is_stmt 0 view .LVU50
 216 0024 0A92     		str	r2, [sp, #40]
 120:Core/Src/main.c ****   RCC_OscInitStruct.PLL.PLLSource = RCC_PLLSOURCE_HSE;
 217              		.loc 1 120 3 is_stmt 1 view .LVU51
 120:Core/Src/main.c ****   RCC_OscInitStruct.PLL.PLLSource = RCC_PLLSOURCE_HSE;
 218              		.loc 1 120 34 is_stmt 0 view .LVU52
 219 0026 0222     		movs	r2, #2
 220 0028 0D92     		str	r2, [sp, #52]
 121:Core/Src/main.c ****   RCC_OscInitStruct.PLL.PLLMUL = RCC_PLL_MUL9;
 221              		.loc 1 121 3 is_stmt 1 view .LVU53
 121:Core/Src/main.c ****   RCC_OscInitStruct.PLL.PLLMUL = RCC_PLL_MUL9;
 222              		.loc 1 121 35 is_stmt 0 view .LVU54
 223 002a 0E93     		str	r3, [sp, #56]
 122:Core/Src/main.c ****   if (HAL_RCC_OscConfig(&RCC_OscInitStruct) != HAL_OK)
 224              		.loc 1 122 3 is_stmt 1 view .LVU55
 122:Core/Src/main.c ****   if (HAL_RCC_OscConfig(&RCC_OscInitStruct) != HAL_OK)
 225              		.loc 1 122 32 is_stmt 0 view .LVU56
 226 002c 4FF4E013 		mov	r3, #1835008
 227 0030 0F93     		str	r3, [sp, #60]
 123:Core/Src/main.c ****   {
 228              		.loc 1 123 3 is_stmt 1 view .LVU57
 123:Core/Src/main.c ****   {
ARM GAS  C:\Users\Masoud\AppData\Local\Temp\ccHvsb6Z.s 			page 11


 229              		.loc 1 123 7 is_stmt 0 view .LVU58
 230 0032 06A8     		add	r0, sp, #24
 231 0034 FFF7FEFF 		bl	HAL_RCC_OscConfig
 232              	.LVL3:
 123:Core/Src/main.c ****   {
 233              		.loc 1 123 6 view .LVU59
 234 0038 80B9     		cbnz	r0, .L11
 130:Core/Src/main.c ****                               |RCC_CLOCKTYPE_PCLK1|RCC_CLOCKTYPE_PCLK2;
 235              		.loc 1 130 3 is_stmt 1 view .LVU60
 130:Core/Src/main.c ****                               |RCC_CLOCKTYPE_PCLK1|RCC_CLOCKTYPE_PCLK2;
 236              		.loc 1 130 31 is_stmt 0 view .LVU61
 237 003a 0F23     		movs	r3, #15
 238 003c 0193     		str	r3, [sp, #4]
 132:Core/Src/main.c ****   RCC_ClkInitStruct.AHBCLKDivider = RCC_SYSCLK_DIV1;
 239              		.loc 1 132 3 is_stmt 1 view .LVU62
 132:Core/Src/main.c ****   RCC_ClkInitStruct.AHBCLKDivider = RCC_SYSCLK_DIV1;
 240              		.loc 1 132 34 is_stmt 0 view .LVU63
 241 003e 0221     		movs	r1, #2
 242 0040 0291     		str	r1, [sp, #8]
 133:Core/Src/main.c ****   RCC_ClkInitStruct.APB1CLKDivider = RCC_HCLK_DIV2;
 243              		.loc 1 133 3 is_stmt 1 view .LVU64
 133:Core/Src/main.c ****   RCC_ClkInitStruct.APB1CLKDivider = RCC_HCLK_DIV2;
 244              		.loc 1 133 35 is_stmt 0 view .LVU65
 245 0042 0023     		movs	r3, #0
 246 0044 0393     		str	r3, [sp, #12]
 134:Core/Src/main.c ****   RCC_ClkInitStruct.APB2CLKDivider = RCC_HCLK_DIV1;
 247              		.loc 1 134 3 is_stmt 1 view .LVU66
 134:Core/Src/main.c ****   RCC_ClkInitStruct.APB2CLKDivider = RCC_HCLK_DIV1;
 248              		.loc 1 134 36 is_stmt 0 view .LVU67
 249 0046 4FF48062 		mov	r2, #1024
 250 004a 0492     		str	r2, [sp, #16]
 135:Core/Src/main.c **** 
 251              		.loc 1 135 3 is_stmt 1 view .LVU68
 135:Core/Src/main.c **** 
 252              		.loc 1 135 36 is_stmt 0 view .LVU69
 253 004c 0593     		str	r3, [sp, #20]
 137:Core/Src/main.c ****   {
 254              		.loc 1 137 3 is_stmt 1 view .LVU70
 137:Core/Src/main.c ****   {
 255              		.loc 1 137 7 is_stmt 0 view .LVU71
 256 004e 01A8     		add	r0, sp, #4
 257 0050 FFF7FEFF 		bl	HAL_RCC_ClockConfig
 258              	.LVL4:
 137:Core/Src/main.c ****   {
 259              		.loc 1 137 6 view .LVU72
 260 0054 20B9     		cbnz	r0, .L12
 141:Core/Src/main.c **** 
 261              		.loc 1 141 1 view .LVU73
 262 0056 11B0     		add	sp, sp, #68
 263              	.LCFI5:
 264              		.cfi_remember_state
 265              		.cfi_def_cfa_offset 4
 266              		@ sp needed
 267 0058 5DF804FB 		ldr	pc, [sp], #4
 268              	.L11:
 269              	.LCFI6:
 270              		.cfi_restore_state
ARM GAS  C:\Users\Masoud\AppData\Local\Temp\ccHvsb6Z.s 			page 12


 125:Core/Src/main.c ****   }
 271              		.loc 1 125 5 is_stmt 1 view .LVU74
 272 005c FFF7FEFF 		bl	Error_Handler
 273              	.LVL5:
 274              	.L12:
 139:Core/Src/main.c ****   }
 275              		.loc 1 139 5 view .LVU75
 276 0060 FFF7FEFF 		bl	Error_Handler
 277              	.LVL6:
 278              		.cfi_endproc
 279              	.LFE66:
 281              		.section	.text.main,"ax",%progbits
 282              		.align	1
 283              		.global	main
 284              		.syntax unified
 285              		.thumb
 286              		.thumb_func
 288              	main:
 289              	.LFB65:
  64:Core/Src/main.c ****   /* USER CODE BEGIN 1 */
 290              		.loc 1 64 1 view -0
 291              		.cfi_startproc
 292              		@ Volatile: function does not return.
 293              		@ args = 0, pretend = 0, frame = 0
 294              		@ frame_needed = 0, uses_anonymous_args = 0
 295 0000 08B5     		push	{r3, lr}
 296              	.LCFI7:
 297              		.cfi_def_cfa_offset 8
 298              		.cfi_offset 3, -8
 299              		.cfi_offset 14, -4
  72:Core/Src/main.c **** 
 300              		.loc 1 72 3 view .LVU77
 301 0002 FFF7FEFF 		bl	HAL_Init
 302              	.LVL7:
  79:Core/Src/main.c **** 
 303              		.loc 1 79 3 view .LVU78
 304 0006 FFF7FEFF 		bl	SystemClock_Config
 305              	.LVL8:
  86:Core/Src/main.c ****   /* USER CODE BEGIN 2 */
 306              		.loc 1 86 3 view .LVU79
 307 000a FFF7FEFF 		bl	MX_GPIO_Init
 308              	.LVL9:
 309              	.L14:
  93:Core/Src/main.c ****   {
 310              		.loc 1 93 3 discriminator 1 view .LVU80
  95:Core/Src/main.c **** 	  HAL_Delay(500);
 311              		.loc 1 95 4 discriminator 1 view .LVU81
 312 000e 0121     		movs	r1, #1
 313 0010 0348     		ldr	r0, .L16
 314 0012 FFF7FEFF 		bl	HAL_GPIO_TogglePin
 315              	.LVL10:
  96:Core/Src/main.c ****     /* USER CODE END WHILE */
 316              		.loc 1 96 4 discriminator 1 view .LVU82
 317 0016 4FF4FA70 		mov	r0, #500
 318 001a FFF7FEFF 		bl	HAL_Delay
 319              	.LVL11:
  93:Core/Src/main.c ****   {
ARM GAS  C:\Users\Masoud\AppData\Local\Temp\ccHvsb6Z.s 			page 13


 320              		.loc 1 93 9 discriminator 1 view .LVU83
 321 001e F6E7     		b	.L14
 322              	.L17:
 323              		.align	2
 324              	.L16:
 325 0020 000C0140 		.word	1073810432
 326              		.cfi_endproc
 327              	.LFE65:
 329              		.text
 330              	.Letext0:
 331              		.file 3 "f:\\program files\\gcc-arm-11.2-2022.02-mingw-w64-i686-arm-none-eabi\\arm-none-eabi\\incl
 332              		.file 4 "f:\\program files\\gcc-arm-11.2-2022.02-mingw-w64-i686-arm-none-eabi\\arm-none-eabi\\incl
 333              		.file 5 "Drivers/CMSIS/Device/ST/STM32F1xx/Include/stm32f103xb.h"
 334              		.file 6 "Drivers/STM32F1xx_HAL_Driver/Inc/stm32f1xx_hal_def.h"
 335              		.file 7 "Drivers/STM32F1xx_HAL_Driver/Inc/stm32f1xx_hal_rcc.h"
 336              		.file 8 "Drivers/STM32F1xx_HAL_Driver/Inc/stm32f1xx_hal_rcc_ex.h"
 337              		.file 9 "Drivers/STM32F1xx_HAL_Driver/Inc/stm32f1xx_hal_gpio.h"
 338              		.file 10 "Drivers/STM32F1xx_HAL_Driver/Inc/stm32f1xx_hal.h"
 339              		.file 11 "<built-in>"
ARM GAS  C:\Users\Masoud\AppData\Local\Temp\ccHvsb6Z.s 			page 14


DEFINED SYMBOLS
                            *ABS*:00000000 main.c
C:\Users\Masoud\AppData\Local\Temp\ccHvsb6Z.s:18     .text.MX_GPIO_Init:00000000 $t
C:\Users\Masoud\AppData\Local\Temp\ccHvsb6Z.s:23     .text.MX_GPIO_Init:00000000 MX_GPIO_Init
C:\Users\Masoud\AppData\Local\Temp\ccHvsb6Z.s:127    .text.MX_GPIO_Init:0000006c $d
C:\Users\Masoud\AppData\Local\Temp\ccHvsb6Z.s:133    .text.Error_Handler:00000000 $t
C:\Users\Masoud\AppData\Local\Temp\ccHvsb6Z.s:139    .text.Error_Handler:00000000 Error_Handler
C:\Users\Masoud\AppData\Local\Temp\ccHvsb6Z.s:171    .text.SystemClock_Config:00000000 $t
C:\Users\Masoud\AppData\Local\Temp\ccHvsb6Z.s:177    .text.SystemClock_Config:00000000 SystemClock_Config
C:\Users\Masoud\AppData\Local\Temp\ccHvsb6Z.s:282    .text.main:00000000 $t
C:\Users\Masoud\AppData\Local\Temp\ccHvsb6Z.s:288    .text.main:00000000 main
C:\Users\Masoud\AppData\Local\Temp\ccHvsb6Z.s:325    .text.main:00000020 $d

UNDEFINED SYMBOLS
HAL_GPIO_WritePin
HAL_GPIO_Init
memset
HAL_RCC_OscConfig
HAL_RCC_ClockConfig
HAL_Init
HAL_GPIO_TogglePin
HAL_Delay
